Arguments: 
  C:\dev\nodejs\node.exe C:\dev\nodejs\node_modules\yarn\bin\yarn.js add lodash

PATH: 
  C:\Users\TTX042\bin;C:\Program Files\Git\mingw64\bin;C:\Program Files\Git\usr\local\bin;C:\Program Files\Git\usr\bin;C:\Program Files\Git\usr\bin;C:\Program Files\Git\mingw64\bin;C:\Program Files\Git\usr\bin;C:\Users\TTX042\bin;C:\Windows\system32;C:\Windows;C:\Windows\System32\Wbem;C:\Windows\System32\WindowsPowerShell\v1.0;C:\dev\nvm;C:\dev\nodejs;C:\Program Files (x86)\Windows Kits\8.1\Windows Performance Toolkit;C:\Users\TTX042\AppData\Local\Programs\Python\Python36\Scripts;C:\Users\TTX042\AppData\Local\Programs\Python\Python36;C:\Program Files (x86)\Microsoft VS Code\bin;D:\redis\redis;E:\mongodb\bin;C:\Users\TTX042\.cargo\bin;C:\Program Files\Git\usr\bin\vendor_perl;C:\Program Files\Git\usr\bin\core_perl

Yarn version: 
  1.3.2

Node version: 
  8.9.0

Platform: 
  win32 x64

npm manifest: 
  {
    "name": "new-pay-mobile",
    "version": "1.0.0",
    "description": "new-pay-mobile base Vue2.0",
    "main": "index.js",
    "scripts": {
      "start": "webpack-dev-server --host 0.0.0.0 --hot --inline --config build/webpack.dev.js",
      "build": "webpack --config build/webpack.prod.js"
    },
    "repository": {
      "type": "git",
      "url": "http://192.168.110.128/fs821031547/new-pay-mobile.git"
    },
    "keywords": [
      "vue"
    ],
    "optionalDependencies": {
      "fsevents": "*"
    },
    "author": "13723440051@163.com",
    "license": "ISC",
    "dependencies": {
      "echarts": "^3.8.5",
      "node-sass": "^4.7.2",
      "sass-loader": "^6.0.6",
      "vue": "^2.5.9",
      "vue-echarts": "^2.6.0",
      "vue-resource": "^1.3.4",
      "vue-router": "^3.0.1",
      "vuex": "^3.0.1"
    },
    "devDependencies": {
      "babel-core": "^6.26.0",
      "babel-loader": "^7.1.2",
      "babel-preset-env": "^1.6.1",
      "babel-preset-es2015": "^6.24.1",
      "clean-webpack-plugin": "^0.1.17",
      "copy-webpack-plugin": "^4.2.3",
      "cross-env": "^5.1.1",
      "css-loader": "^0.28.7",
      "extract-text-webpack-plugin": "^3.0.2",
      "file-loader": "^1.1.5",
      "html-webpack-plugin": "^2.30.1",
      "mint-ui": "^2.2.7",
      "postcss-loader": "^2.0.10",
      "style-loader": "^0.19.0",
      "stylus": "^0.54.5",
      "stylus-loader": "^3.0.1",
      "vue-loader": "^13.5.0",
      "vue-template-compiler": "^2.5.9",
      "webpack": "^3.10.0",
      "webpack-dev-server": "^2.9.7",
      "webpack-merge": "^4.1.1"
    }
  }

yarn manifest: 
  No manifest

Lockfile: 
  No lockfile

Trace: 
  Error: EPERM: operation not permitted, unlink 'F:\fangshi\tontisa-app\xq-pay-mobile\node_modules\.node-sass.DELETE\vendor\win32-x64-57\binding.node'
